<?xml version="1.0" encoding="UTF-8"?>
<!-- Generated by org.testng.reporters.JUnitReportReporter -->
<testsuite hostname="DESKTOP-1K5PTLN" failures="0" tests="1" name="test.CartTest" time="6.991" errors="0" timestamp="2022-06-20T09:14:03 BST" skipped="0">
  <testcase classname="test.CartTest" name="validateShopCart" time="6.991"/>
  <system-out/>
</testsuite> <!-- test.CartTest -->
